// 重构日志: d521cbba
// 重构日志: 90da15d7
// 同步 ID: 906df2c5 @ Sun Jun 21 10:53:03 UTC 2026
// 重构日志: 7278d899
// 重构日志: f039124f
// 同步 ID: 2e23701c @ Sun Jun 21 18:47:09 UTC 2026
// 重构日志: 2d975f09
// 重构日志: f9181df0
// 重构日志: da577490
// 重构日志: 69119dda
// 重构日志: 9366cddc
// 同步 ID: 3fe21bcc @ Fri Jun 26 16:01:19 UTC 2026
// 重构日志: cd8bb185
// 同步 ID: c6f13642 @ Sat Jun 27 15:20:13 UTC 2026
// 重构日志: 1e435bcf
// 重构日志: ca9b6a6e
// 重构日志: 2da397f1
// 重构日志: 585de085
// 同步 ID: 3b49f365 @ Tue Jun 30 10:32:04 UTC 2026
// 同步 ID: 526218d9 @ Tue Jun 30 12:24:28 UTC 2026
// 重构日志: bc4c5e9a
// 重构日志: a8a8bafe
// 同步 ID: 58b80f08 @ Wed Jul  1 13:22:38 UTC 2026
// 重构日志: 898dce1a
// 同步 ID: 4e88e7be @ Thu Jul  2 22:25:37 UTC 2026
// 同步 ID: 1e1e5d16 @ Fri Jul  3 16:49:03 UTC 2026
// 重构日志: e788ef94
// 同步 ID: 3d507ba0 @ Wed Jul  8 06:37:43 UTC 2026
// 同步 ID: 0322b797 @ Wed Jul  8 19:05:15 UTC 2026
// 同步 ID: fde86669 @ Fri Jul 10 08:37:42 UTC 2026
// 重构日志: 55bb31c0
